<?xml version="1.0" encoding="UTF-8"?>
<!-- Generated by org.testng.reporters.JUnitReportReporter -->
<testsuite hostname="ahm-l-amitg" failures="0" tests="3" name="com.test.method.IgnoreTestCases1" time="0.003" errors="0" timestamp="2023-03-18T20:58:05 IST" skipped="0">
  <testcase classname="com.test.method.IgnoreTestCases1" name="Test6" time="0.000"/>
  <system-out/>
  <testcase classname="com.test.method.IgnoreTestCases1" name="Test4" time="0.001"/>
  <system-out/>
  <testcase classname="com.test.method.IgnoreTestCases1" name="Test5" time="0.002"/>
  <system-out/>
</testsuite> <!-- com.test.method.IgnoreTestCases1 -->
