<?xml version="1.0" encoding="UTF-8"?>
<!-- Generated by org.testng.reporters.JUnitReportReporter -->
<testsuite hostname="ahm-l-amitg" failures="0" tests="1" name="TestngProject.TestngProject.GoogleTestTest" time="0.021" errors="0" timestamp="6 Mar 2023 14:01:52 GMT">
  <testcase classname="TestngProject.TestngProject.GoogleTestTest" name="f" time="0.021"/>
</testsuite> <!-- TestngProject.TestngProject.GoogleTestTest -->
