<?xml version="1.0" encoding="UTF-8"?>
<!-- Generated by org.testng.reporters.JUnitReportReporter -->
<testsuite hostname="ahm-l-amitg" failures="0" tests="2" name="com.test.method.IgnoreTestCases" time="0.026" errors="0" timestamp="2023-03-18T20:50:59 IST" skipped="0">
  <testcase classname="com.test.method.IgnoreTestCases" name="Test3" time="0.009"/>
  <system-out/>
  <testcase classname="com.test.method.IgnoreTestCases" name="Test2" time="0.017"/>
  <system-out/>
</testsuite> <!-- com.test.method.IgnoreTestCases -->
