<?xml version="1.0" encoding="UTF-8"?>
<!-- Generated by org.testng.reporters.JUnitReportReporter -->
<testsuite hostname="ahm-l-amitg" failures="0" tests="1" name="TC2" time="0.015" errors="0" timestamp="13 Mar 2023 16:42:13 GMT">
  <testcase classname="TC2" name="f" time="0.015"/>
</testsuite> <!-- TC2 -->
