<?xml version="1.0" encoding="UTF-8"?>
<!-- Generated by org.testng.reporters.JUnitReportReporter -->
<testsuite hostname="ahm-l-amitg" failures="0" tests="1" name="com.test.method.TC2" time="0.003" errors="0" timestamp="2023-03-18T20:58:05 IST" skipped="0">
  <testcase classname="com.test.method.TC2" name="f" time="0.003"/>
  <system-out/>
</testsuite> <!-- com.test.method.TC2 -->
